mode: set
github.com/xtophe02/bookings-go/cmd/web/main.go:21.12,23.14 2 0
github.com/xtophe02/bookings-go/cmd/web/main.go:26.2,33.15 4 0
github.com/xtophe02/bookings-go/cmd/web/main.go:23.14,25.2 1 0
github.com/xtophe02/bookings-go/cmd/web/main.go:33.15,35.3 1 0
github.com/xtophe02/bookings-go/cmd/web/main.go:38.18,54.16 10 1
github.com/xtophe02/bookings-go/cmd/web/main.go:58.3,67.12 6 1
github.com/xtophe02/bookings-go/cmd/web/main.go:54.16,57.4 2 0
github.com/xtophe02/bookings-go/cmd/web/middleware.go:16.45,25.2 3 1
github.com/xtophe02/bookings-go/cmd/web/middleware.go:27.50,29.2 1 1
github.com/xtophe02/bookings-go/cmd/web/routes.go:11.48,29.2 16 1
