mode: set
github.com/xtophe02/bookings-go/internal/handlers/handlers.go:32.62,34.2 1 0
github.com/xtophe02/bookings-go/internal/handlers/handlers.go:35.54,37.2 1 1
github.com/xtophe02/bookings-go/internal/handlers/handlers.go:40.33,42.2 1 1
github.com/xtophe02/bookings-go/internal/handlers/handlers.go:44.68,49.2 1 1
github.com/xtophe02/bookings-go/internal/handlers/handlers.go:50.69,58.2 1 1
github.com/xtophe02/bookings-go/internal/handlers/handlers.go:59.71,67.2 5 1
github.com/xtophe02/bookings-go/internal/handlers/handlers.go:68.76,72.2 1 1
github.com/xtophe02/bookings-go/internal/handlers/handlers.go:74.80,78.16 2 0
github.com/xtophe02/bookings-go/internal/handlers/handlers.go:83.2,90.16 5 0
github.com/xtophe02/bookings-go/internal/handlers/handlers.go:95.2,96.16 2 0
github.com/xtophe02/bookings-go/internal/handlers/handlers.go:101.2,102.16 2 0
github.com/xtophe02/bookings-go/internal/handlers/handlers.go:106.2,106.21 1 0
github.com/xtophe02/bookings-go/internal/handlers/handlers.go:111.2,121.4 5 0
github.com/xtophe02/bookings-go/internal/handlers/handlers.go:78.16,82.3 2 0
github.com/xtophe02/bookings-go/internal/handlers/handlers.go:90.16,94.3 2 0
github.com/xtophe02/bookings-go/internal/handlers/handlers.go:96.16,99.3 2 0
github.com/xtophe02/bookings-go/internal/handlers/handlers.go:102.16,105.3 2 0
github.com/xtophe02/bookings-go/internal/handlers/handlers.go:106.21,110.3 3 0
github.com/xtophe02/bookings-go/internal/handlers/handlers.go:126.75,130.9 2 1
github.com/xtophe02/bookings-go/internal/handlers/handlers.go:136.2,137.16 2 1
github.com/xtophe02/bookings-go/internal/handlers/handlers.go:143.2,159.4 10 1
github.com/xtophe02/bookings-go/internal/handlers/handlers.go:130.9,135.3 3 1
github.com/xtophe02/bookings-go/internal/handlers/handlers.go:137.16,142.3 3 1
github.com/xtophe02/bookings-go/internal/handlers/handlers.go:161.79,165.16 2 1
github.com/xtophe02/bookings-go/internal/handlers/handlers.go:172.2,173.9 2 1
github.com/xtophe02/bookings-go/internal/handlers/handlers.go:209.2,216.19 5 1
github.com/xtophe02/bookings-go/internal/handlers/handlers.go:227.2,234.16 6 1
github.com/xtophe02/bookings-go/internal/handlers/handlers.go:241.2,250.16 3 1
github.com/xtophe02/bookings-go/internal/handlers/handlers.go:256.2,288.67 8 1
github.com/xtophe02/bookings-go/internal/handlers/handlers.go:165.16,171.3 3 1
github.com/xtophe02/bookings-go/internal/handlers/handlers.go:173.9,178.3 3 1
github.com/xtophe02/bookings-go/internal/handlers/handlers.go:216.19,226.3 5 1
github.com/xtophe02/bookings-go/internal/handlers/handlers.go:234.16,239.3 3 1
github.com/xtophe02/bookings-go/internal/handlers/handlers.go:250.16,255.3 3 1
github.com/xtophe02/bookings-go/internal/handlers/handlers.go:290.74,295.16 3 1
github.com/xtophe02/bookings-go/internal/handlers/handlers.go:300.2,301.9 2 1
github.com/xtophe02/bookings-go/internal/handlers/handlers.go:304.2,306.59 3 1
github.com/xtophe02/bookings-go/internal/handlers/handlers.go:295.16,299.3 3 0
github.com/xtophe02/bookings-go/internal/handlers/handlers.go:301.9,303.3 1 0
github.com/xtophe02/bookings-go/internal/handlers/handlers.go:309.72,311.16 2 0
github.com/xtophe02/bookings-go/internal/handlers/handlers.go:315.2,317.16 3 0
github.com/xtophe02/bookings-go/internal/handlers/handlers.go:321.2,323.16 3 0
github.com/xtophe02/bookings-go/internal/handlers/handlers.go:327.2,328.16 2 0
github.com/xtophe02/bookings-go/internal/handlers/handlers.go:333.2,339.59 7 0
github.com/xtophe02/bookings-go/internal/handlers/handlers.go:311.16,314.3 2 0
github.com/xtophe02/bookings-go/internal/handlers/handlers.go:317.16,320.3 2 0
github.com/xtophe02/bookings-go/internal/handlers/handlers.go:323.16,326.3 2 0
github.com/xtophe02/bookings-go/internal/handlers/handlers.go:328.16,331.3 2 0
github.com/xtophe02/bookings-go/internal/handlers/handlers.go:342.82,344.9 2 0
github.com/xtophe02/bookings-go/internal/handlers/handlers.go:351.2,364.4 9 0
github.com/xtophe02/bookings-go/internal/handlers/handlers.go:344.9,350.3 4 0
github.com/xtophe02/bookings-go/internal/handlers/handlers.go:366.79,374.2 1 1
github.com/xtophe02/bookings-go/internal/handlers/handlers.go:375.74,383.2 5 1
github.com/xtophe02/bookings-go/internal/handlers/handlers.go:393.80,395.16 2 1
github.com/xtophe02/bookings-go/internal/handlers/handlers.go:406.2,408.16 3 1
github.com/xtophe02/bookings-go/internal/handlers/handlers.go:412.2,414.16 3 1
github.com/xtophe02/bookings-go/internal/handlers/handlers.go:418.2,420.16 3 1
github.com/xtophe02/bookings-go/internal/handlers/handlers.go:425.2,426.16 2 1
github.com/xtophe02/bookings-go/internal/handlers/handlers.go:437.2,441.15 4 1
github.com/xtophe02/bookings-go/internal/handlers/handlers.go:395.16,404.3 5 0
github.com/xtophe02/bookings-go/internal/handlers/handlers.go:408.16,411.3 2 0
github.com/xtophe02/bookings-go/internal/handlers/handlers.go:414.16,417.3 2 0
github.com/xtophe02/bookings-go/internal/handlers/handlers.go:420.16,423.3 2 0
github.com/xtophe02/bookings-go/internal/handlers/handlers.go:426.16,435.3 5 0
github.com/xtophe02/bookings-go/internal/handlers/handlers.go:443.69,450.2 3 1
github.com/xtophe02/bookings-go/internal/handlers/handlers.go:451.70,455.2 3 1
github.com/xtophe02/bookings-go/internal/handlers/handlers.go:456.73,461.16 3 1
github.com/xtophe02/bookings-go/internal/handlers/handlers.go:468.2,471.19 4 1
github.com/xtophe02/bookings-go/internal/handlers/handlers.go:485.2,486.16 2 1
github.com/xtophe02/bookings-go/internal/handlers/handlers.go:502.2,505.48 3 1
github.com/xtophe02/bookings-go/internal/handlers/handlers.go:461.16,467.3 3 0
github.com/xtophe02/bookings-go/internal/handlers/handlers.go:471.19,483.3 4 1
github.com/xtophe02/bookings-go/internal/handlers/handlers.go:486.16,501.3 5 1
github.com/xtophe02/bookings-go/internal/handlers/handlers.go:508.78,510.2 1 1
github.com/xtophe02/bookings-go/internal/handlers/handlers.go:511.84,513.16 2 1
github.com/xtophe02/bookings-go/internal/handlers/handlers.go:517.2,522.4 3 1
github.com/xtophe02/bookings-go/internal/handlers/handlers.go:513.16,516.3 2 0
github.com/xtophe02/bookings-go/internal/handlers/handlers.go:524.84,527.16 2 0
github.com/xtophe02/bookings-go/internal/handlers/handlers.go:531.2,536.4 3 0
github.com/xtophe02/bookings-go/internal/handlers/handlers.go:527.16,530.3 2 0
github.com/xtophe02/bookings-go/internal/handlers/handlers.go:538.89,541.34 2 0
github.com/xtophe02/bookings-go/internal/handlers/handlers.go:547.2,577.16 23 0
github.com/xtophe02/bookings-go/internal/handlers/handlers.go:582.2,584.26 2 0
github.com/xtophe02/bookings-go/internal/handlers/handlers.go:615.2,619.4 1 0
github.com/xtophe02/bookings-go/internal/handlers/handlers.go:541.34,545.3 3 0
github.com/xtophe02/bookings-go/internal/handlers/handlers.go:577.16,580.3 2 0
github.com/xtophe02/bookings-go/internal/handlers/handlers.go:584.26,588.72 3 0
github.com/xtophe02/bookings-go/internal/handlers/handlers.go:593.3,594.17 2 0
github.com/xtophe02/bookings-go/internal/handlers/handlers.go:599.3,599.34 1 0
github.com/xtophe02/bookings-go/internal/handlers/handlers.go:609.3,612.78 3 0
github.com/xtophe02/bookings-go/internal/handlers/handlers.go:588.72,591.4 2 0
github.com/xtophe02/bookings-go/internal/handlers/handlers.go:594.17,597.4 2 0
github.com/xtophe02/bookings-go/internal/handlers/handlers.go:599.34,601.27 1 0
github.com/xtophe02/bookings-go/internal/handlers/handlers.go:601.27,602.71 1 0
github.com/xtophe02/bookings-go/internal/handlers/handlers.go:602.71,604.6 1 0
github.com/xtophe02/bookings-go/internal/handlers/handlers.go:605.10,607.5 1 0
github.com/xtophe02/bookings-go/internal/handlers/handlers.go:621.88,623.16 2 0
github.com/xtophe02/bookings-go/internal/handlers/handlers.go:627.2,629.16 3 0
github.com/xtophe02/bookings-go/internal/handlers/handlers.go:634.2,635.16 2 0
github.com/xtophe02/bookings-go/internal/handlers/handlers.go:640.2,646.16 6 0
github.com/xtophe02/bookings-go/internal/handlers/handlers.go:651.2,655.16 4 0
github.com/xtophe02/bookings-go/internal/handlers/handlers.go:623.16,626.3 2 0
github.com/xtophe02/bookings-go/internal/handlers/handlers.go:629.16,632.3 2 0
github.com/xtophe02/bookings-go/internal/handlers/handlers.go:635.16,638.3 2 0
github.com/xtophe02/bookings-go/internal/handlers/handlers.go:646.16,649.3 2 0
github.com/xtophe02/bookings-go/internal/handlers/handlers.go:655.16,657.3 1 0
github.com/xtophe02/bookings-go/internal/handlers/handlers.go:657.8,659.3 1 0
github.com/xtophe02/bookings-go/internal/handlers/handlers.go:662.93,664.16 2 0
github.com/xtophe02/bookings-go/internal/handlers/handlers.go:669.2,670.16 2 0
github.com/xtophe02/bookings-go/internal/handlers/handlers.go:675.2,678.26 2 0
github.com/xtophe02/bookings-go/internal/handlers/handlers.go:695.2,695.31 1 0
github.com/xtophe02/bookings-go/internal/handlers/handlers.go:710.2,711.132 2 0
github.com/xtophe02/bookings-go/internal/handlers/handlers.go:664.16,667.3 2 0
github.com/xtophe02/bookings-go/internal/handlers/handlers.go:670.16,673.3 2 0
github.com/xtophe02/bookings-go/internal/handlers/handlers.go:678.26,680.40 2 0
github.com/xtophe02/bookings-go/internal/handlers/handlers.go:680.40,681.40 1 0
github.com/xtophe02/bookings-go/internal/handlers/handlers.go:681.40,682.16 1 0
github.com/xtophe02/bookings-go/internal/handlers/handlers.go:682.16,683.66 1 0
github.com/xtophe02/bookings-go/internal/handlers/handlers.go:683.66,685.21 2 0
github.com/xtophe02/bookings-go/internal/handlers/handlers.go:685.21,687.8 1 0
github.com/xtophe02/bookings-go/internal/handlers/handlers.go:695.31,697.43 1 0
github.com/xtophe02/bookings-go/internal/handlers/handlers.go:697.43,704.18 5 0
github.com/xtophe02/bookings-go/internal/handlers/handlers.go:704.18,706.5 1 0
github.com/xtophe02/bookings-go/internal/handlers/handlers.go:713.84,716.16 3 1
github.com/xtophe02/bookings-go/internal/handlers/handlers.go:720.2,727.16 6 1
github.com/xtophe02/bookings-go/internal/handlers/handlers.go:732.2,739.4 3 1
github.com/xtophe02/bookings-go/internal/handlers/handlers.go:716.16,719.3 2 0
github.com/xtophe02/bookings-go/internal/handlers/handlers.go:727.16,730.3 2 0
github.com/xtophe02/bookings-go/internal/handlers/handlers.go:741.87,744.16 3 0
github.com/xtophe02/bookings-go/internal/handlers/handlers.go:748.2,749.16 2 0
github.com/xtophe02/bookings-go/internal/handlers/handlers.go:753.2,757.16 4 0
github.com/xtophe02/bookings-go/internal/handlers/handlers.go:744.16,747.3 2 0
github.com/xtophe02/bookings-go/internal/handlers/handlers.go:749.16,752.3 2 0
github.com/xtophe02/bookings-go/internal/handlers/handlers.go:757.16,759.3 1 0
github.com/xtophe02/bookings-go/internal/handlers/handlers.go:759.8,761.3 1 0
github.com/xtophe02/bookings-go/internal/handlers/handlers.go:764.86,767.16 3 0
github.com/xtophe02/bookings-go/internal/handlers/handlers.go:771.2,772.16 2 0
github.com/xtophe02/bookings-go/internal/handlers/handlers.go:776.2,779.16 4 0
github.com/xtophe02/bookings-go/internal/handlers/handlers.go:767.16,770.3 2 0
github.com/xtophe02/bookings-go/internal/handlers/handlers.go:772.16,775.3 2 0
github.com/xtophe02/bookings-go/internal/handlers/handlers.go:779.16,781.3 1 0
github.com/xtophe02/bookings-go/internal/handlers/handlers.go:781.8,783.3 1 0
